
  .   ____          _            __ _ _
 /\\ / ___'_ __ _ _(_)_ __  __ _ \ \ \ \
( ( )\___ | '_ | '_| | '_ \/ _` | \ \ \ \
 \\/  ___)| |_)| | | | | || (_| |  ) ) ) )
  '  |____| .__|_| |_|_| |_\__, | / / / /
 =========|_|==============|___/=/_/_/_/
 :: Spring Boot ::        (v2.3.4.RELEASE)

2020-12-06 10:36:31.010  INFO 9060 --- [           main] c.e.r.ResttemplateApplication            : Starting ResttemplateApplication v0.0.1-SNAPSHOT on DESKTOP-K0UD7VL with PID 9060 (E:\LienSonSamHoTool\SpringBootApplicationWindowsService.jar started by DESKTOP-K0UD7VL$ in E:\LienSonSamHoTool)
2020-12-06 10:36:31.010  INFO 9060 --- [           main] c.e.r.ResttemplateApplication            : No active profile set, falling back to default profiles: default
2020-12-06 10:36:32.260  INFO 9060 --- [           main] o.s.b.w.embedded.tomcat.TomcatWebServer  : Tomcat initialized with port(s): 8080 (http)
2020-12-06 10:36:32.276  INFO 9060 --- [           main] o.apache.catalina.core.StandardService   : Starting service [Tomcat]
2020-12-06 10:36:32.276  INFO 9060 --- [           main] org.apache.catalina.core.StandardEngine  : Starting Servlet engine: [Apache Tomcat/9.0.38]
2020-12-06 10:36:32.338  INFO 9060 --- [           main] o.a.c.c.C.[Tomcat].[localhost].[/]       : Initializing Spring embedded WebApplicationContext
2020-12-06 10:36:32.338  INFO 9060 --- [           main] w.s.c.ServletWebServerApplicationContext : Root WebApplicationContext: initialization completed in 1250 ms
2020-12-06 10:36:32.568  INFO 9060 --- [           main] o.s.s.concurrent.ThreadPoolTaskExecutor  : Initializing ExecutorService 'applicationTaskExecutor'
2020-12-06 10:36:32.696  INFO 9060 --- [           main] o.s.s.c.ThreadPoolTaskScheduler          : Initializing ExecutorService 'taskScheduler'
2020-12-06 10:36:32.742  INFO 9060 --- [           main] o.s.b.w.embedded.tomcat.TomcatWebServer  : Tomcat started on port(s): 8080 (http) with context path ''
2020-12-06 10:36:32.742  INFO 9060 --- [           main] c.e.r.ResttemplateApplication            : Started ResttemplateApplication in 2.326 seconds (JVM running for 3.13)
================================= 06/12/2020 10:36:34 =================================
Lay duoc thong tin bien cau hinh trong file application.properties la: abx xyz
The number elements of JSONArray is: 100
================================= 06/12/2020 10:36:42 =================================
Lay duoc thong tin bien cau hinh trong file application.properties la: abx xyz
The number elements of JSONArray is: 100
================================= 06/12/2020 10:36:52 =================================
Lay duoc thong tin bien cau hinh trong file application.properties la: abx xyz
The number elements of JSONArray is: 100
================================= 06/12/2020 10:37:02 =================================
Lay duoc thong tin bien cau hinh trong file application.properties la: abx xyz
The number elements of JSONArray is: 100
================================= 06/12/2020 10:37:12 =================================
Lay duoc thong tin bien cau hinh trong file application.properties la: abx xyz
The number elements of JSONArray is: 100
================================= 06/12/2020 10:37:22 =================================
Lay duoc thong tin bien cau hinh trong file application.properties la: abx xyz
The number elements of JSONArray is: 100
================================= 06/12/2020 10:37:32 =================================
Lay duoc thong tin bien cau hinh trong file application.properties la: abx xyz
The number elements of JSONArray is: 100
================================= 06/12/2020 10:37:42 =================================
Lay duoc thong tin bien cau hinh trong file application.properties la: abx xyz
The number elements of JSONArray is: 100
================================= 06/12/2020 10:37:52 =================================
Lay duoc thong tin bien cau hinh trong file application.properties la: abx xyz
The number elements of JSONArray is: 100
================================= 06/12/2020 10:38:02 =================================
Lay duoc thong tin bien cau hinh trong file application.properties la: abx xyz
The number elements of JSONArray is: 100
================================= 06/12/2020 10:38:12 =================================
Lay duoc thong tin bien cau hinh trong file application.properties la: abx xyz
The number elements of JSONArray is: 100
================================= 06/12/2020 10:38:22 =================================
Lay duoc thong tin bien cau hinh trong file application.properties la: abx xyz
The number elements of JSONArray is: 100
================================= 06/12/2020 10:38:32 =================================
Lay duoc thong tin bien cau hinh trong file application.properties la: abx xyz
The number elements of JSONArray is: 100
================================= 06/12/2020 10:38:42 =================================
Lay duoc thong tin bien cau hinh trong file application.properties la: abx xyz
The number elements of JSONArray is: 100
================================= 06/12/2020 10:38:52 =================================
Lay duoc thong tin bien cau hinh trong file application.properties la: abx xyz
The number elements of JSONArray is: 100
================================= 06/12/2020 10:39:02 =================================
Lay duoc thong tin bien cau hinh trong file application.properties la: abx xyz
The number elements of JSONArray is: 100
================================= 06/12/2020 10:39:12 =================================
Lay duoc thong tin bien cau hinh trong file application.properties la: abx xyz
The number elements of JSONArray is: 100
================================= 06/12/2020 10:39:22 =================================
Lay duoc thong tin bien cau hinh trong file application.properties la: abx xyz
The number elements of JSONArray is: 100
================================= 06/12/2020 10:39:32 =================================
Lay duoc thong tin bien cau hinh trong file application.properties la: abx xyz
The number elements of JSONArray is: 100
================================= 06/12/2020 10:39:42 =================================
Lay duoc thong tin bien cau hinh trong file application.properties la: abx xyz
The number elements of JSONArray is: 100
================================= 06/12/2020 10:39:52 =================================
Lay duoc thong tin bien cau hinh trong file application.properties la: abx xyz
The number elements of JSONArray is: 100
================================= 06/12/2020 10:40:02 =================================
Lay duoc thong tin bien cau hinh trong file application.properties la: abx xyz
The number elements of JSONArray is: 100
================================= 06/12/2020 10:40:12 =================================
Lay duoc thong tin bien cau hinh trong file application.properties la: abx xyz
The number elements of JSONArray is: 100
================================= 06/12/2020 10:40:22 =================================
Lay duoc thong tin bien cau hinh trong file application.properties la: abx xyz
The number elements of JSONArray is: 100
================================= 06/12/2020 10:40:32 =================================
Lay duoc thong tin bien cau hinh trong file application.properties la: abx xyz
The number elements of JSONArray is: 100
================================= 06/12/2020 10:40:42 =================================
Lay duoc thong tin bien cau hinh trong file application.properties la: abx xyz
The number elements of JSONArray is: 100
================================= 06/12/2020 10:40:52 =================================
Lay duoc thong tin bien cau hinh trong file application.properties la: abx xyz
The number elements of JSONArray is: 100
================================= 06/12/2020 10:41:02 =================================
Lay duoc thong tin bien cau hinh trong file application.properties la: abx xyz
The number elements of JSONArray is: 100
================================= 06/12/2020 10:41:12 =================================
Lay duoc thong tin bien cau hinh trong file application.properties la: abx xyz
The number elements of JSONArray is: 100
================================= 06/12/2020 10:41:22 =================================
Lay duoc thong tin bien cau hinh trong file application.properties la: abx xyz
The number elements of JSONArray is: 100
================================= 06/12/2020 10:41:32 =================================
Lay duoc thong tin bien cau hinh trong file application.properties la: abx xyz
The number elements of JSONArray is: 100
================================= 06/12/2020 10:41:42 =================================
Lay duoc thong tin bien cau hinh trong file application.properties la: abx xyz
The number elements of JSONArray is: 100
================================= 06/12/2020 10:41:52 =================================
Lay duoc thong tin bien cau hinh trong file application.properties la: abx xyz
The number elements of JSONArray is: 100
================================= 06/12/2020 10:42:02 =================================
Lay duoc thong tin bien cau hinh trong file application.properties la: abx xyz
The number elements of JSONArray is: 100
2020-12-06 10:42:05.480  INFO 9060 --- [extShutdownHook] o.s.s.c.ThreadPoolTaskScheduler          : Shutting down ExecutorService 'taskScheduler'
2020-12-06 10:42:05.481  INFO 9060 --- [extShutdownHook] o.s.s.concurrent.ThreadPoolTaskExecutor  : Shutting down ExecutorService 'applicationTaskExecutor'
